-------------------------------------------------------------------------------
Test set: hSorting.BubbleSortTest
-------------------------------------------------------------------------------
Tests run: 1, Failures: 1, Errors: 0, Skipped: 0, Time elapsed: 0.01 sec <<< FAILURE!
hSorting.BubbleSortTest.testRunBubbleSort1()  Time elapsed: 0.01 sec  <<< FAILURE!
java.lang.ArrayIndexOutOfBoundsException: Index 3 out of bounds for length 3
	at hSorting.BubbleSort.runBubbleSort(BubbleSort.java:19)
	at hSorting.BubbleSortTest.testRunBubbleSort1(BubbleSortTest.java:24)

